# JRE version: Java(TM) SE Runtime Environment (8.0_241-b07) (build 1.8.0_241-b07)
# Java VM: Java HotSpot(TM) 64-Bit Server VM (25.241-b07 mixed mode bsd-amd64 compressed oops)
Heap:
 garbage-first heap   total 8388608K, used 3031175K [0x00000005c0000000, 0x00000005c1001000, 0x00000007c0000000)
  region size 16384K, 3 young (49152K), 1 survivors (16384K)
 Metaspace       used 159385K, capacity 166937K, committed 167212K, reserved 1189888K
  class space    used 25139K, capacity 27125K, committed 27180K, reserved 1048576K
GC Heap History (10 events):
Event: 1232.594 GC heap before
{Heap before GC invocations=2789 (full 3):
 garbage-first heap   total 8388608K, used 3120048K [0x00000005c0000000, 0x00000005c1001000, 0x00000007c0000000)
  region size 16384K, 8 young (131072K), 1 survivors (16384K)
 Metaspace       used 159377K, capacity 166937K, committed 167212K, reserved 1189888K
  class space    used 25139K, capacity 27125K, committed 27180K, reserved 1048576K
Event: 1232.619 GC heap after
Heap after GC invocations=2790 (full 3):
 garbage-first heap   total 8388608K, used 3013274K [0x00000005c0000000, 0x00000005c1001000, 0x00000007c0000000)
  region size 16384K, 1 young (16384K), 1 survivors (16384K)
 Metaspace       used 159377K, capacity 166937K, committed 167212K, reserved 1189888K
  class space    used 25139K, capacity 27125K, committed 27180K, reserved 1048576K
}
Event: 1235.759 GC heap before
{Heap before GC invocations=2790 (full 3):
 garbage-first heap   total 8388608K, used 3127962K [0x00000005c0000000, 0x00000005c1001000, 0x00000007c0000000)
  region size 16384K, 8 young (131072K), 1 survivors (16384K)
 Metaspace       used 159377K, capacity 166937K, committed 167212K, reserved 1189888K
  class space    used 25139K, capacity 27125K, committed 27180K, reserved 1048576K
Event: 1235.781 GC heap after
Heap after GC invocations=2791 (full 3):
 garbage-first heap   total 8388608K, used 3015765K [0x00000005c0000000, 0x00000005c1001000, 0x00000007c0000000)
  region size 16384K, 1 young (16384K), 1 survivors (16384K)
 Metaspace       used 159377K, capacity 166937K, committed 167212K, reserved 1189888K
  class space    used 25139K, capacity 27125K, committed 27180K, reserved 1048576K
}
Event: 1239.534 GC heap before
{Heap before GC invocations=2791 (full 3):
 garbage-first heap   total 8388608K, used 3130453K [0x00000005c0000000, 0x00000005c1001000, 0x00000007c0000000)
  region size 16384K, 8 young (131072K), 1 survivors (16384K)
 Metaspace       used 159379K, capacity 166937K, committed 167212K, reserved 1189888K
  class space    used 25139K, capacity 27125K, committed 27180K, reserved 1048576K
Event: 1239.555 GC heap after
Heap after GC invocations=2792 (full 3):
 garbage-first heap   total 8388608K, used 3012331K [0x00000005c0000000, 0x00000005c1001000, 0x00000007c0000000)
  region size 16384K, 1 young (16384K), 1 survivors (16384K)
 Metaspace       used 159379K, capacity 166937K, committed 167212K, reserved 1189888K
  class space    used 25139K, capacity 27125K, committed 27180K, reserved 1048576K
}
Event: 1242.050 GC heap before
{Heap before GC invocations=2792 (full 3):
 garbage-first heap   total 8388608K, used 3127019K [0x00000005c0000000, 0x00000005c1001000, 0x00000007c0000000)
  region size 16384K, 8 young (131072K), 1 survivors (16384K)
 Metaspace       used 159382K, capacity 166937K, committed 167212K, reserved 1189888K
  class space    used 25139K, capacity 27125K, committed 27180K, reserved 1048576K
Event: 1242.065 GC heap after
Heap after GC invocations=2793 (full 3):
 garbage-first heap   total 8388608K, used 3012695K [0x00000005c0000000, 0x00000005c1001000, 0x00000007c0000000)
  region size 16384K, 1 young (16384K), 1 survivors (16384K)
 Metaspace       used 159382K, capacity 166937K, committed 167212K, reserved 1189888K
  class space    used 25139K, capacity 27125K, committed 27180K, reserved 1048576K
}
Event: 1249.489 GC heap before
{Heap before GC invocations=2793 (full 3):
 garbage-first heap   total 8388608K, used 3127383K [0x00000005c0000000, 0x00000005c1001000, 0x00000007c0000000)
  region size 16384K, 8 young (131072K), 1 survivors (16384K)
 Metaspace       used 159385K, capacity 166937K, committed 167212K, reserved 1189888K
  class space    used 25139K, capacity 27125K, committed 27180K, reserved 1048576K
Event: 1249.505 GC heap after
Heap after GC invocations=2794 (full 3):
 garbage-first heap   total 8388608K, used 3014791K [0x00000005c0000000, 0x00000005c1001000, 0x00000007c0000000)
  region size 16384K, 1 young (16384K), 1 survivors (16384K)
 Metaspace       used 159385K, capacity 166937K, committed 167212K, reserved 1189888K
  class space    used 25139K, capacity 27125K, committed 27180K, reserved 1048576K
}

